# JRE version: Java(TM) SE Runtime Environment (13.0.1+9) (build 13.0.1+9)
# Java VM: Java HotSpot(TM) 64-Bit Server VM (13.0.1+9, mixed mode, sharing, tiered, compressed oops, g1 gc, windows-amd64)
Heap:
 garbage-first heap   total 51200K, used 22695K [0x00000000c1c00000, 0x0000000100000000)
  region size 1024K, 2 young (2048K), 1 survivors (1024K)
 Metaspace       used 38981K, capacity 40365K, committed 40732K, reserved 1085440K
  class space    used 4745K, capacity 5228K, committed 5324K, reserved 1048576K
GC Heap History (20 events):
Event: 17118.527 GC heap before
{Heap before GC invocations=45 (full 3):
 garbage-first heap   total 51200K, used 23719K [0x00000000c1c00000, 0x0000000100000000)
  region size 1024K, 2 young (2048K), 1 survivors (1024K)
 Metaspace       used 38965K, capacity 40362K, committed 40732K, reserved 1085440K
  class space    used 4745K, capacity 5228K, committed 5324K, reserved 1048576K
}
Event: 17118.569 GC heap after
{Heap after GC invocations=46 (full 3):
 garbage-first heap   total 51200K, used 22686K [0x00000000c1c00000, 0x0000000100000000)
  region size 1024K, 1 young (1024K), 1 survivors (1024K)
 Metaspace       used 38965K, capacity 40362K, committed 40732K, reserved 1085440K
  class space    used 4745K, capacity 5228K, committed 5324K, reserved 1048576K
}
Event: 17221.904 GC heap before
{Heap before GC invocations=46 (full 3):
 garbage-first heap   total 51200K, used 23710K [0x00000000c1c00000, 0x0000000100000000)
  region size 1024K, 2 young (2048K), 1 survivors (1024K)
 Metaspace       used 38970K, capacity 40364K, committed 40732K, reserved 1085440K
  class space    used 4745K, capacity 5228K, committed 5324K, reserved 1048576K
}
Event: 17221.906 GC heap after
{Heap after GC invocations=47 (full 3):
 garbage-first heap   total 51200K, used 22680K [0x00000000c1c00000, 0x0000000100000000)
  region size 1024K, 1 young (1024K), 1 survivors (1024K)
 Metaspace       used 38970K, capacity 40364K, committed 40732K, reserved 1085440K
  class space    used 4745K, capacity 5228K, committed 5324K, reserved 1048576K
}
Event: 17656.198 GC heap before
{Heap before GC invocations=47 (full 3):
 garbage-first heap   total 51200K, used 26776K [0x00000000c1c00000, 0x0000000100000000)
  region size 1024K, 5 young (5120K), 1 survivors (1024K)
 Metaspace       used 38970K, capacity 40364K, committed 40732K, reserved 1085440K
  class space    used 4745K, capacity 5228K, committed 5324K, reserved 1048576K
}
Event: 17656.252 GC heap after
{Heap after GC invocations=48 (full 3):
 garbage-first heap   total 51200K, used 22688K [0x00000000c1c00000, 0x0000000100000000)
  region size 1024K, 1 young (1024K), 1 survivors (1024K)
 Metaspace       used 38970K, capacity 40364K, committed 40732K, reserved 1085440K
  class space    used 4745K, capacity 5228K, committed 5324K, reserved 1048576K
}
Event: 18425.157 GC heap before
{Heap before GC invocations=48 (full 3):
 garbage-first heap   total 51200K, used 29856K [0x00000000c1c00000, 0x0000000100000000)
  region size 1024K, 8 young (8192K), 1 survivors (1024K)
 Metaspace       used 38976K, capacity 40364K, committed 40732K, reserved 1085440K
  class space    used 4745K, capacity 5228K, committed 5324K, reserved 1048576K
}
Event: 18425.270 GC heap after
{Heap after GC invocations=49 (full 3):
 garbage-first heap   total 51200K, used 22681K [0x00000000c1c00000, 0x0000000100000000)
  region size 1024K, 1 young (1024K), 1 survivors (1024K)
 Metaspace       used 38976K, capacity 40364K, committed 40732K, reserved 1085440K
  class space    used 4745K, capacity 5228K, committed 5324K, reserved 1048576K
}
Event: 19107.119 GC heap before
{Heap before GC invocations=49 (full 3):
 garbage-first heap   total 51200K, used 28825K [0x00000000c1c00000, 0x0000000100000000)
  region size 1024K, 8 young (8192K), 1 survivors (1024K)
 Metaspace       used 38981K, capacity 40365K, committed 40732K, reserved 1085440K
  class space    used 4745K, capacity 5228K, committed 5324K, reserved 1048576K
}
Event: 19107.311 GC heap after
{Heap after GC invocations=50 (full 3):
 garbage-first heap   total 51200K, used 22701K [0x00000000c1c00000, 0x0000000100000000)
  region size 1024K, 1 young (1024K), 1 survivors (1024K)
 Metaspace       used 38981K, capacity 40365K, committed 40732K, reserved 1085440K
  class space    used 4745K, capacity 5228K, committed 5324K, reserved 1048576K
}
Event: 20091.212 GC heap before
{Heap before GC invocations=50 (full 3):
 garbage-first heap   total 51200K, used 31917K [0x00000000c1c00000, 0x0000000100000000)
  region size 1024K, 10 young (10240K), 1 survivors (1024K)
 Metaspace       used 38981K, capacity 40365K, committed 40732K, reserved 1085440K
  class space    used 4745K, capacity 5228K, committed 5324K, reserved 1048576K
}
Event: 20091.948 GC heap after
{Heap after GC invocations=51 (full 3):
 garbage-first heap   total 51200K, used 22710K [0x00000000c1c00000, 0x0000000100000000)
  region size 1024K, 1 young (1024K), 1 survivors (1024K)
 Metaspace       used 38981K, capacity 40365K, committed 40732K, reserved 1085440K
  class space    used 4745K, capacity 5228K, committed 5324K, reserved 1048576K
}
Event: 20308.104 GC heap before
{Heap before GC invocations=51 (full 3):
 garbage-first heap   total 51200K, used 24758K [0x00000000c1c00000, 0x0000000100000000)
  region size 1024K, 3 young (3072K), 1 survivors (1024K)
 Metaspace       used 38981K, capacity 40365K, committed 40732K, reserved 1085440K
  class space    used 4745K, capacity 5228K, committed 5324K, reserved 1048576K
}
Event: 20308.223 GC heap after
{Heap after GC invocations=52 (full 3):
 garbage-first heap   total 51200K, used 22710K [0x00000000c1c00000, 0x0000000100000000)
  region size 1024K, 1 young (1024K), 1 survivors (1024K)
 Metaspace       used 38981K, capacity 40365K, committed 40732K, reserved 1085440K
  class space    used 4745K, capacity 5228K, committed 5324K, reserved 1048576K
}
Event: 20742.672 GC heap before
{Heap before GC invocations=52 (full 3):
 garbage-first heap   total 51200K, used 26806K [0x00000000c1c00000, 0x0000000100000000)
  region size 1024K, 5 young (5120K), 1 survivors (1024K)
 Metaspace       used 38981K, capacity 40365K, committed 40732K, reserved 1085440K
  class space    used 4745K, capacity 5228K, committed 5324K, reserved 1048576K
}
Event: 20742.736 GC heap after
{Heap after GC invocations=53 (full 3):
 garbage-first heap   total 51200K, used 22702K [0x00000000c1c00000, 0x0000000100000000)
  region size 1024K, 1 young (1024K), 1 survivors (1024K)
 Metaspace       used 38981K, capacity 40365K, committed 40732K, reserved 1085440K
  class space    used 4745K, capacity 5228K, committed 5324K, reserved 1048576K
}
Event: 26745.892 GC heap before
{Heap before GC invocations=53 (full 3):
 garbage-first heap   total 51200K, used 28846K [0x00000000c1c00000, 0x0000000100000000)
  region size 1024K, 7 young (7168K), 1 survivors (1024K)
 Metaspace       used 38981K, capacity 40365K, committed 40732K, reserved 1085440K
  class space    used 4745K, capacity 5228K, committed 5324K, reserved 1048576K
}
Event: 26746.033 GC heap after
{Heap after GC invocations=54 (full 3):
 garbage-first heap   total 51200K, used 22717K [0x00000000c1c00000, 0x0000000100000000)
  region size 1024K, 1 young (1024K), 1 survivors (1024K)
 Metaspace       used 38981K, capacity 40365K, committed 40732K, reserved 1085440K
  class space    used 4745K, capacity 5228K, committed 5324K, reserved 1048576K
}
Event: 38041.742 GC heap before
{Heap before GC invocations=54 (full 3):
 garbage-first heap   total 51200K, used 27837K [0x00000000c1c00000, 0x0000000100000000)
  region size 1024K, 6 young (6144K), 1 survivors (1024K)
 Metaspace       used 38981K, capacity 40365K, committed 40732K, reserved 1085440K
  class space    used 4745K, capacity 5228K, committed 5324K, reserved 1048576K
}
Event: 38050.924 GC heap after
{Heap after GC invocations=55 (full 3):
 garbage-first heap   total 51200K, used 22695K [0x00000000c1c00000, 0x0000000100000000)
  region size 1024K, 1 young (1024K), 1 survivors (1024K)
 Metaspace       used 38981K, capacity 40365K, committed 40732K, reserved 1085440K
  class space    used 4745K, capacity 5228K, committed 5324K, reserved 1048576K
}

